build/app/outputs/mapping/release/mapping.txt
# compiler: R8
# compiler_version: 8.1.56
# min_api: 21
# common_typos_disable
# {"id":"com.android.tools.r8.mapping","version":"2.2"}
# pg_map_id: d7883ce
# pg_map_hash: SHA-256 d7883ced6da54b17d8aea4325255178dd6a21f94dd341dcaef7c209acdd55285
...
io.flutter.embedding.engine.systemchannels.RestorationChannel$1 -> m0.s$a:
    byte[] val$data -> a
    io.flutter.embedding.engine.systemchannels.RestorationChannel this$0 -> b
    1:1:void <init>(io.flutter.embedding.engine.systemchannels.RestorationChannel,byte[]):0:0 -> <init>
      # {"id":"com.android.tools.r8.residualsignature","signature":"(Lm0/s;[B)V"}
    1:1:void error(java.lang.String,java.lang.String,java.lang.Object):0:0 -> a
    1:1:void success(java.lang.Object):0:0 -> b
    1:1:void notImplemented():0:0 -> c
io.flutter.embedding.engine.systemchannels.RestorationChannel$2 -> m0.s$b:
    io.flutter.embedding.engine.systemchannels.RestorationChannel this$0 -> b
    1:1:void <init>(io.flutter.embedding.engine.systemchannels.RestorationChannel):0:0 -> <init>
      # {"id":"com.android.tools.r8.residualsignature","signature":"(Lm0/s;)V"}
    1:1:void onMethodCall(io.flutter.plugin.common.MethodCall,io.flutter.plugin.common.MethodChannel$Result):0:0 -> a
      # {"id":"com.android.tools.r8.residualsignature","signature":"(Ln0/i;Ln0/j$d;)V"}
io.flutter.embedding.engine.systemchannels.SettingsChannel -> m0.t:
    io.flutter.plugin.common.BasicMessageChannel channel -> a
    io.flutter.embedding.engine.systemchannels.SettingsChannel$ConfigurationQueue CONFIGURATION_QUEUE -> b
    1:1:void <clinit>():0:0 -> <clinit>
    1:1:void <init>(io.flutter.embedding.engine.dart.DartExecutor):0:0 -> <init>
      # {"id":"com.android.tools.r8.residualsignature","signature":"(Lf0/a;)V"}
    1:1:io.flutter.embedding.engine.systemchannels.SettingsChannel$ConfigurationQueue access$100():0:0 -> a
      # {"id":"com.android.tools.r8.residualsignature","signature":"()Lm0/t$a;"}
    1:1:android.util.DisplayMetrics getPastDisplayMetrics(int):0:0 -> b
    1:1:boolean hasNonlinearTextScalingSupport():0:0 -> c
    1:1:io.flutter.embedding.engine.systemchannels.SettingsChannel$MessageBuilder startMessage():0:0 -> d
      # {"id":"com.android.tools.r8.residualsignature","signature":"()Lm0/t$b;"}
io.flutter.embedding.engine.systemchannels.SettingsChannel$ConfigurationQueue -> m0.t$a:
    java.util.concurrent.ConcurrentLinkedQueue sentQueue -> a
    io.flutter.embedding.engine.systemchannels.SettingsChannel$ConfigurationQueue$SentConfiguration currentConfiguration -> b
    io.flutter.embedding.engine.systemchannels.SettingsChannel$ConfigurationQueue$SentConfiguration previousEnqueuedConfiguration -> c
    1:1:void <init>():0:0 -> <init>
    1:1:java.util.concurrent.ConcurrentLinkedQueue access$200(io.flutter.embedding.engine.systemchannels.SettingsChannel$ConfigurationQueue):0:0 -> a
      # {"id":"com.android.tools.r8.residualsignature","signature":"(Lm0/t$a;)Ljava/util/concurrent/ConcurrentLinkedQueue;"}
    1:1:io.flutter.plugin.common.BasicMessageChannel$Reply enqueueConfiguration(io.flutter.embedding.engine.systemchannels.SettingsChannel$ConfigurationQueue$SentConfiguration):0:0 -> b
      # {"id":"com.android.tools.r8.residualsignature","signature":"(Lm0/t$a$b;)Ln0/a$e;"}
    1:1:io.flutter.embedding.engine.systemchannels.SettingsChannel$ConfigurationQueue$SentConfiguration getConfiguration(int):0:0 -> c
      # {"id":"com.android.tools.r8.residualsignature","signature":"(I)Lm0/t$a$b;"}
io.flutter.embedding.engine.systemchannels.SettingsChannel$ConfigurationQueue$1 -> m0.t$a$a:
    io.flutter.embedding.engine.systemchannels.SettingsChannel$ConfigurationQueue$SentConfiguration val$configurationToRemove -> a
    io.flutter.embedding.engine.systemchannels.SettingsChannel$ConfigurationQueue this$0 -> b
    1:1:void <init>(io.flutter.embedding.engine.systemchannels.SettingsChannel$ConfigurationQueue,io.flutter.embedding.engine.systemchannels.SettingsChannel$ConfigurationQueue$SentConfiguration):0:0 -> <init>
      # {"id":"com.android.tools.r8.residualsignature","signature":"(Lm0/t$a;Lm0/t$a$b;)V"}
    1:1:void reply(java.lang.Object):0:0 -> a