build/app/outputs/mapping/release/usage.txt
androidx.profileinstaller.ProfileVerifier$CompilationStatus$ResultCode
androidx.profileinstaller.ProfileVerifier$CompilationStatus:
    public static final int RESULT_CODE_COMPILED_WITH_PROFILE
    public static final int RESULT_CODE_COMPILED_WITH_PROFILE_NON_MATCHING
    public static final int RESULT_CODE_ERROR_CACHE_FILE_EXISTS_BUT_CANNOT_BE_READ
    public static final int RESULT_CODE_ERROR_CANT_WRITE_PROFILE_VERIFICATION_RESULT_CACHE_FILE
    private static final int RESULT_CODE_ERROR_CODE_BIT_SHIFT
    public static final int RESULT_CODE_ERROR_PACKAGE_NAME_DOES_NOT_EXIST
    public static final int RESULT_CODE_ERROR_UNSUPPORTED_API_VERSION
    public static final int RESULT_CODE_NO_PROFILE
    public static final int RESULT_CODE_PROFILE_ENQUEUED_FOR_COMPILATION
    public int getProfileInstallResultCode()
    public boolean hasProfileEnqueuedForCompilation()
    public boolean isCompiledWithProfile()
androidx.profileinstaller.ProfileVerifier:
    private static final java.lang.String CUR_PROFILES_BASE_DIR
    private static final java.lang.String PROFILE_FILE_NAME
    private static final java.lang.String PROFILE_INSTALLED_CACHE_FILE_NAME
    private static final java.lang.String REF_PROFILES_BASE_DIR
    private static final java.lang.String TAG
    private void <init>()
    public static com.google.common.util.concurrent.ListenableFuture getCompilationStatusAsync()
    public static androidx.profileinstaller.ProfileVerifier$CompilationStatus writeProfileVerification(android.content.Context)
androidx.profileinstaller.ProfileVersion:
    public static final int MAX_SUPPORTED_SDK
    public static final int MIN_SUPPORTED_SDK
    private void <init>()
androidx.profileinstaller.R
androidx.savedstate.R$id
androidx.savedstate.R
androidx.savedstate.Recreator$Companion
androidx.savedstate.Recreator$SavedStateProvider
androidx.savedstate.Recreator
androidx.savedstate.SavedStateRegistry$AutoRecreated
androidx.savedstate.SavedStateRegistry$Companion
androidx.savedstate.SavedStateRegistry$SavedStateProvider
androidx.savedstate.SavedStateRegistry
androidx.savedstate.SavedStateRegistryController$Companion
androidx.savedstate.SavedStateRegistryController
androidx.savedstate.SavedStateRegistryOwner
androidx.savedstate.ViewTreeSavedStateRegistryOwner$findViewTreeSavedStateRegistryOwner$1
androidx.savedstate.ViewTreeSavedStateRegistryOwner$findViewTreeSavedStateRegistryOwner$2
androidx.savedstate.ViewTreeSavedStateRegistryOwner
androidx.startup.AppInitializer:
    private static final java.lang.String SECTION_NAME
    java.lang.Object doInitialize(java.lang.Class)
    public java.lang.Object initializeComponent(java.lang.Class)
    static void setDelegate(androidx.startup.AppInitializer)
androidx.startup.R$string:
    private void <init>()
androidx.startup.R
androidx.startup.StartupException:
    public void <init>(java.lang.String,java.lang.Throwable)
androidx.startup.StartupLogger:
    static final boolean DEBUG
    private static final java.lang.String TAG
    private void <init>()
    public static void e(java.lang.String,java.lang.Throwable)
    public static void i(java.lang.String)
androidx.tracing.R
androidx.tracing.Trace:
    static final int MAX_TRACE_LABEL_LENGTH
    static final java.lang.String TAG
    private static boolean sHasAppTracingEnabled
    private static java.lang.reflect.Method sTraceCounterMethod
    private void <init>()
    public static void forceEnableAppTracing()
    public static void setCounter(java.lang.String,int)
    private static void setCounterFallback(java.lang.String,int)
androidx.tracing.TraceApi18Impl:
    private void <init>()
androidx.tracing.TraceApi29Impl:
    private void <init>()
    public static void setCounter(java.lang.String,int)
androidx.versionedparcelable.CustomVersionedParcelable:
    public void onPostParceling()
    public void onPreParceling(boolean)
androidx.versionedparcelable.NonParcelField
androidx.versionedparcelable.ParcelField